  GuardianNode.cpp
  GuardianThread.cpp
  GuardianMultipleCollider.cpp
  GuardianAsset.cpp
  GuardianMeshAsset.cpp
  GuardianAssetSystem.cpp
  GuardianConverter.cpp
  GuardianEventDispatcher.cpp
  GuardianException.cpp
  GuardianFile.cpp
  GuardianFileDialog.cpp
  GuardianApplication.cpp
  GuardianInput.cpp
D:\Development\C++\Nature Studio\Guardian Engine\Setup\Includes\PhysX\foundation\PxPreprocessor.h(444,1): error C1189: #error:  Exactly one of NDEBUG and _DEBUG needs to be defined!
  GuardianKeyboard.cpp
  GuardianMouse.cpp
  GuardianWindow.cpp
  GuardianEntity.cpp
  GuardianScene.cpp
  (编译源文件“Sources/Application/Event/GuardianEventDispatcher.cpp”)
  
D:\Development\C++\Nature Studio\Guardian Engine\Setup\Includes\PhysX\foundation\PxPreprocessor.h(444,1): error C1189: #error:  Exactly one of NDEBUG and _DEBUG needs to be defined!
  (编译源文件“Sources/Application/AssetSystem/GuardianAssetSystem.cpp”)
  
D:\Development\C++\Nature Studio\Guardian Engine\Setup\Includes\PhysX\foundation\PxPreprocessor.h(444,1): error C1189: #error:  Exactly one of NDEBUG and _DEBUG needs to be defined!
  (编译源文件“Sources/Application/FileDialog/GuardianFileDialog.cpp”)
  
D:\Development\C++\Nature Studio\Guardian Engine\Setup\Includes\PhysX\foundation\PxPreprocessor.h(444,1): error C1189: #error:  Exactly one of NDEBUG and _DEBUG needs to be defined!
  (编译源文件“Sources/Profile/File/GuardianFile.cpp”)
  
D:\Development\C++\Nature Studio\Guardian Engine\Setup\Includes\PhysX\foundation\PxPreprocessor.h(444,1): error C1189: #error:  Exactly one of NDEBUG and _DEBUG needs to be defined!
  (编译源文件“Sources/Application/Converter/GuardianConverter.cpp”)
  
D:\Development\C++\Nature Studio\Guardian Engine\Setup\Includes\PhysX\foundation\PxPreprocessor.h(444,1): error C1189: #error:  Exactly one of NDEBUG and _DEBUG needs to be defined!
  (编译源文件“Sources/Physics/Collider/GuardianMultipleCollider.cpp”)
  
D:\Development\C++\Nature Studio\Guardian Engine\Setup\Includes\PhysX\foundation\PxPreprocessor.h(444,1): error C1189: #error:  Exactly one of NDEBUG and _DEBUG needs to be defined!
  (编译源文件“Sources/Application/Thread/GuardianThread.cpp”)
  
D:\Development\C++\Nature Studio\Guardian Engine\Setup\Includes\PhysX\foundation\PxPreprocessor.h(444,1): error C1189: #error:  Exactly one of NDEBUG and _DEBUG needs to be defined!
  (编译源文件“Sources/Application/AssetSystem/Asset/GuardianAsset.cpp”)
  
D:\Development\C++\Nature Studio\Guardian Engine\Setup\Includes\PhysX\foundation\PxPreprocessor.h(444,1): error C1189: #error:  Exactly one of NDEBUG and _DEBUG needs to be defined!
  (编译源文件“Sources/Profile/Node/GuardianNode.cpp”)
  
D:\Development\C++\Nature Studio\Guardian Engine\Setup\Includes\PhysX\foundation\PxPreprocessor.h(444,1): error C1189: #error:  Exactly one of NDEBUG and _DEBUG needs to be defined!
  (编译源文件“Sources/Application/Exception/GuardianException.cpp”)
  
  GuardianIndexBuffer.cpp
  GuardianVertexBuffer.cpp
  GuardianInputLayout.cpp
  GuardianRasterizerState.cpp
D:\Development\C++\Nature Studio\Guardian Engine\Setup\Includes\PhysX\foundation\PxPreprocessor.h(444,1): error C1189: #error:  Exactly one of NDEBUG and _DEBUG needs to be defined!
  (编译源文件“Sources/Application/GuardianApplication.cpp”)
  
D:\Development\C++\Nature Studio\Guardian Engine\Setup\Includes\PhysX\foundation\PxPreprocessor.h(444,1): error C1189: #error:  Exactly one of NDEBUG and _DEBUG needs to be defined!
  (编译源文件“Sources/Application/AssetSystem/Asset/GuardianMeshAsset.cpp”)
  
  GuardianSampler.cpp
  GuardianPixelShader.cpp
D:\Development\C++\Nature Studio\Guardian Engine\Setup\Includes\PhysX\foundation\PxPreprocessor.h(444,1): error C1189: #error:  Exactly one of NDEBUG and _DEBUG needs to be defined!
  (编译源文件“Sources/Application/Input/GuardianInput.cpp”)
  
  GuardianVertexShader.cpp
D:\Development\C++\Nature Studio\Guardian Engine\Setup\Includes\PhysX\foundation\PxPreprocessor.h(444,1): error C1189: #error:  Exactly one of NDEBUG and _DEBUG needs to be defined!
  (编译源文件“Sources/Application/Input/Keyboard/GuardianKeyboard.cpp”)
  
  GuardianTexture.cpp
D:\Development\C++\Nature Studio\Guardian Engine\Setup\Includes\PhysX\foundation\PxPreprocessor.h(444,1): error C1189: #error:  Exactly one of NDEBUG and _DEBUG needs to be defined!
  (编译源文件“Sources/Application/Input/Mouse/GuardianMouse.cpp”)
  
  GuardianTopology.cpp
D:\Development\C++\Nature Studio\Guardian Engine\Setup\Includes\PhysX\foundation\PxPreprocessor.h(444,1): error C1189: #error:  Exactly one of NDEBUG and _DEBUG needs to be defined!
  (编译源文件“Sources/Graphics/Applicable/InputLayout/GuardianInputLayout.cpp”)
  
D:\Development\C++\Nature Studio\Guardian Engine\Setup\Includes\PhysX\foundation\PxPreprocessor.h(444,1): error C1189: #error:  Exactly one of NDEBUG and _DEBUG needs to be defined!
  (编译源文件“Sources/Graphics/Applicable/Shader/GuardianPixelShader.cpp”)
  
D:\Development\C++\Nature Studio\Guardian Engine\Setup\Includes\PhysX\foundation\PxPreprocessor.h(444,1): error C1189: #error:  Exactly one of NDEBUG and _DEBUG needs to be defined!
  (编译源文件“Sources/ECS/Entity/GuardianEntity.cpp”)
  
  GuardianDepthStencil.cpp
D:\Development\C++\Nature Studio\Guardian Engine\Setup\Includes\PhysX\foundation\PxPreprocessor.h(444,1): error C1189: #error:  Exactly one of NDEBUG and _DEBUG needs to be defined!
  (编译源文件“Sources/Graphics/Applicable/Buffer/GuardianVertexBuffer.cpp”)
  
  GuardianFramebuffer.cpp
D:\Development\C++\Nature Studio\Guardian Engine\Setup\Includes\PhysX\foundation\PxPreprocessor.h(444,1): error C1189: #error:  Exactly one of NDEBUG and _DEBUG needs to be defined!
  (编译源文件“Sources/Application/Window/GuardianWindow.cpp”)
  
D:\Development\C++\Nature Studio\Guardian Engine\Setup\Includes\PhysX\foundation\PxPreprocessor.h(444,1): error C1189: #error:  Exactly one of NDEBUG and _DEBUG needs to be defined!
  (编译源文件“Sources/Graphics/Applicable/Buffer/GuardianIndexBuffer.cpp”)
  
  GuardianGraphics.cpp
  GuardianLightSystem.cpp
  GuardianMaterial.cpp
D:\Development\C++\Nature Studio\Guardian Engine\Setup\Includes\PhysX\foundation\PxPreprocessor.h(444,1): error C1189: #error:  Exactly one of NDEBUG and _DEBUG needs to be defined!
  (编译源文件“Sources/ECS/Scene/GuardianScene.cpp”)
  
D:\Development\C++\Nature Studio\Guardian Engine\Setup\Includes\PhysX\foundation\PxPreprocessor.h(444,1): error C1189: #error:  Exactly one of NDEBUG and _DEBUG needs to be defined!
  (编译源文件“Sources/Graphics/Applicable/RasterizerState/GuardianRasterizerState.cpp”)
  
D:\Development\C++\Nature Studio\Guardian Engine\Setup\Includes\PhysX\foundation\PxPreprocessor.h(444,1): error C1189: #error:  Exactly one of NDEBUG and _DEBUG needs to be defined!
  (编译源文件“Sources/Graphics/Applicable/Sampler/GuardianSampler.cpp”)
  
  GuardianMaterialSystem.cpp
  GuardianPickingRay.cpp
  GuardianRenderTarget.cpp
  GuardianGeometry.cpp
D:\Development\C++\Nature Studio\Guardian Engine\Setup\Includes\PhysX\foundation\PxPreprocessor.h(444,1): error C1189: #error:  Exactly one of NDEBUG and _DEBUG needs to be defined!
  (编译源文件“Sources/Graphics/Applicable/Shader/GuardianVertexShader.cpp”)
  
  GuardianRenderable.cpp
D:\Development\C++\Nature Studio\Guardian Engine\Setup\Includes\PhysX\foundation\PxPreprocessor.h(444,1): error C1189: #error:  Exactly one of NDEBUG and _DEBUG needs to be defined!
  (编译源文件“Sources/Graphics/Applicable/Texture/GuardianTexture.cpp”)
  
D:\Development\C++\Nature Studio\Guardian Engine\Setup\Includes\PhysX\foundation\PxPreprocessor.h(444,1): error C1189: #error:  Exactly one of NDEBUG and _DEBUG needs to be defined!
  (编译源文件“Sources/Graphics/DepthStencil/GuardianDepthStencil.cpp”)
  
  GuardianMesh.cpp
  GuardianMeshInstance.cpp
D:\Development\C++\Nature Studio\Guardian Engine\Setup\Includes\PhysX\foundation\PxPreprocessor.h(444,1): error C1189: #error:  Exactly one of NDEBUG and _DEBUG needs to be defined!
  (编译源文件“Sources/Graphics/MaterialSystem/GuardianMaterialSystem.cpp”)
  
  GuardianModelImporter.cpp
D:\Development\C++\Nature Studio\Guardian Engine\Setup\Includes\PhysX\foundation\PxPreprocessor.h(444,1): error C1189: #error:  Exactly one of NDEBUG and _DEBUG needs to be defined!
  (编译源文件“Sources/Graphics/Framebuffer/GuardianFramebuffer.cpp”)
  
D:\Development\C++\Nature Studio\Guardian Engine\Setup\Includes\PhysX\foundation\PxPreprocessor.h(444,1): error C1189: #error:  Exactly one of NDEBUG and _DEBUG needs to be defined!
  (编译源文件“Sources/Graphics/PickingRay/GuardianPickingRay.cpp”)
  
D:\Development\C++\Nature Studio\Guardian Engine\Setup\Includes\PhysX\foundation\PxPreprocessor.h(444,1): error C1189: #error:  Exactly one of NDEBUG and _DEBUG needs to be defined!
  (编译源文件“Sources/Graphics/Applicable/Topology/GuardianTopology.cpp”)
  
  GuardianRenderer.cpp
D:\Development\C++\Nature Studio\Guardian Engine\Setup\Includes\PhysX\foundation\PxPreprocessor.h(444,1): error C1189: #error:  Exactly one of NDEBUG and _DEBUG needs to be defined!
  (编译源文件“Sources/Graphics/Light/GuardianLightSystem.cpp”)
  
  GuardianSurface.cpp
D:\Development\C++\Nature Studio\Guardian Engine\Setup\Includes\PhysX\foundation\PxPreprocessor.h(444,1): error C1189: #error:  Exactly one of NDEBUG and _DEBUG needs to be defined!
  (编译源文件“Sources/Graphics/RenderTarget/GuardianRenderTarget.cpp”)
  
D:\Development\C++\Nature Studio\Guardian Engine\Setup\Includes\PhysX\foundation\PxPreprocessor.h(444,1): error C1189: #error:  Exactly one of NDEBUG and _DEBUG needs to be defined!
  (编译源文件“Sources/Graphics/Material/GuardianMaterial.cpp”)
  
D:\Development\C++\Nature Studio\Guardian Engine\Setup\Includes\PhysX\foundation\PxPreprocessor.h(444,1): error C1189: #error:  Exactly one of NDEBUG and _DEBUG needs to be defined!
  (编译源文件“Sources/Graphics/GuardianGraphics.cpp”)
  
  GuardianMatrix.cpp
  GuardianVector.cpp
  GuardianViewport.cpp
  GuardianEngine.cpp
  GuardianBoxCollider.cpp
D:\Development\C++\Nature Studio\Guardian Engine\Setup\Includes\PhysX\foundation\PxPreprocessor.h(444,1): error C1189: #error:  Exactly one of NDEBUG and _DEBUG needs to be defined!
  (编译源文件“Sources/Graphics/Renderable/Geometry/GuardianGeometry.cpp”)
  
  GuardianCapsuleCollider.cpp
D:\Development\C++\Nature Studio\Guardian Engine\Setup\Includes\PhysX\foundation\PxPreprocessor.h(444,1): error C1189: #error:  Exactly one of NDEBUG and _DEBUG needs to be defined!
  (编译源文件“Sources/Graphics/Renderable/GuardianRenderable.cpp”)
  
  GuardianMeshCollider.cpp
D:\Development\C++\Nature Studio\Guardian Engine\Setup\Includes\PhysX\foundation\PxPreprocessor.h(444,1): error C1189: #error:  Exactly one of NDEBUG and _DEBUG needs to be defined!
  (编译源文件“Sources/Graphics/Renderable/Mesh/GuardianMeshInstance.cpp”)
  
  GuardianSphereCollider.cpp
D:\Development\C++\Nature Studio\Guardian Engine\Setup\Includes\PhysX\foundation\PxPreprocessor.h(444,1): error C1189: #error:  Exactly one of NDEBUG and _DEBUG needs to be defined!
  (编译源文件“Sources/Graphics/Renderable/ModelImporter/GuardianModelImporter.cpp”)
  
D:\Development\C++\Nature Studio\Guardian Engine\Setup\Includes\PhysX\foundation\PxPreprocessor.h(444,1): error C1189: #error:  Exactly one of NDEBUG and _DEBUG needs to be defined!
  (编译源文件“Sources/Graphics/Renderable/Mesh/GuardianMesh.cpp”)
  
D:\Development\C++\Nature Studio\Guardian Engine\Setup\Includes\PhysX\foundation\PxPreprocessor.h(444,1): error C1189: #error:  Exactly one of NDEBUG and _DEBUG needs to be defined!
  (编译源文件“Sources/Graphics/Renderer/GuardianRenderer.cpp”)
  
D:\Development\C++\Nature Studio\Guardian Engine\Setup\Includes\PhysX\foundation\PxPreprocessor.h(444,1): error C1189: #error:  Exactly one of NDEBUG and _DEBUG needs to be defined!
  (编译源文件“Sources/Graphics/Transform/Vector/GuardianVector.cpp”)
  
  GuardianPhysicsEngine.cpp
D:\Development\C++\Nature Studio\Guardian Engine\Setup\Includes\PhysX\foundation\PxPreprocessor.h(444,1): error C1189: #error:  Exactly one of NDEBUG and _DEBUG needs to be defined!
  (编译源文件“Sources/Graphics/Surface/GuardianSurface.cpp”)
  
D:\Development\C++\Nature Studio\Guardian Engine\Setup\Includes\PhysX\foundation\PxPreprocessor.h(444,1): error C1189: #error:  Exactly one of NDEBUG and _DEBUG needs to be defined!
  (编译源文件“Sources/GuardianEngine.cpp”)
  
  GuardianPhysicsMaterial.cpp
  GuardianDynamicRigidBody.cpp
  GuardianStaticRigidBody.cpp
  GuardianSerializable.cpp
  GuardianTime.cpp
D:\Development\C++\Nature Studio\Guardian Engine\Setup\Includes\PhysX\foundation\PxPreprocessor.h(444,1): error C1189: #error:  Exactly one of NDEBUG and _DEBUG needs to be defined!
  (编译源文件“Sources/Graphics/Viewport/GuardianViewport.cpp”)
  
  GuardianTimepoint.cpp
D:\Development\C++\Nature Studio\Guardian Engine\Setup\Includes\PhysX\foundation\PxPreprocessor.h(444,1): error C1189: #error:  Exactly one of NDEBUG and _DEBUG needs to be defined!
  (编译源文件“Sources/Graphics/Transform/Matrix/GuardianMatrix.cpp”)
  
  GuardianTimer.cpp
D:\Development\C++\Nature Studio\Guardian Engine\Setup\Includes\PhysX\foundation\PxPreprocessor.h(444,1): error C1189: #error:  Exactly one of NDEBUG and _DEBUG needs to be defined!
  (编译源文件“Sources/Physics/Collider/GuardianCapsuleCollider.cpp”)
  
D:\Development\C++\Nature Studio\Guardian Engine\Setup\Includes\PhysX\foundation\PxPreprocessor.h(444,1): error C1189: #error:  Exactly one of NDEBUG and _DEBUG needs to be defined!
  (编译源文件“Sources/Physics/Collider/GuardianBoxCollider.cpp”)
  
  GuardianTimestep.cpp
  GuardianUUID.cpp
D:\Development\C++\Nature Studio\Guardian Engine\Setup\Includes\PhysX\foundation\PxPreprocessor.h(444,1): error C1189: #error:  Exactly one of NDEBUG and _DEBUG needs to be defined!
  (编译源文件“Sources/Physics/Collider/GuardianMeshCollider.cpp”)
  
  GuardianScriptEngine.cpp
D:\Development\C++\Nature Studio\Guardian Engine\Setup\Includes\PhysX\foundation\PxPreprocessor.h(444,1): error C1189: #error:  Exactly one of NDEBUG and _DEBUG needs to be defined!
  (编译源文件“Sources/Profile/Time/GuardianTime.cpp”)
  
  GuardianScriptClass.cpp
D:\Development\C++\Nature Studio\Guardian Engine\Setup\Includes\PhysX\foundation\PxPreprocessor.h(444,1): error C1189: #error:  Exactly one of NDEBUG and _DEBUG needs to be defined!
  (编译源文件“Sources/Physics/RigidBody/GuardianDynamicRigidBody.cpp”)
  
D:\Development\C++\Nature Studio\Guardian Engine\Setup\Includes\PhysX\foundation\PxPreprocessor.h(444,1): error C1189: #error:  Exactly one of NDEBUG and _DEBUG needs to be defined!
  (编译源文件“Sources/Physics/Collider/GuardianSphereCollider.cpp”)
  
D:\Development\C++\Nature Studio\Guardian Engine\Setup\Includes\PhysX\foundation\PxPreprocessor.h(444,1): error C1189: #error:  Exactly one of NDEBUG and _DEBUG needs to be defined!
  (编译源文件“Sources/Physics/RigidBody/GuardianStaticRigidBody.cpp”)
  
  GuardianScriptRegistry.cpp
D:\Development\C++\Nature Studio\Guardian Engine\Setup\Includes\PhysX\foundation\PxPreprocessor.h(444,1): error C1189: #error:  Exactly one of NDEBUG and _DEBUG needs to be defined!
  (编译源文件“Sources/Profile/Time/Timestep/GuardianTimestep.cpp”)
  
D:\Development\C++\Nature Studio\Guardian Engine\Setup\Includes\PhysX\foundation\PxPreprocessor.h(444,1): error C1189: #error:  Exactly one of NDEBUG and _DEBUG needs to be defined!
  (编译源文件“Sources/Profile/Serializable/GuardianSerializable.cpp”)
  
D:\Development\C++\Nature Studio\Guardian Engine\Setup\Includes\PhysX\foundation\PxPreprocessor.h(444,1): error C1189: #error:  Exactly one of NDEBUG and _DEBUG needs to be defined!
  (编译源文件“Sources/Profile/Time/Timer/GuardianTimer.cpp”)
  
D:\Development\C++\Nature Studio\Guardian Engine\Setup\Includes\PhysX\foundation\PxPreprocessor.h(444,1): error C1189: #error:  Exactly one of NDEBUG and _DEBUG needs to be defined!
  (编译源文件“Sources/Physics/GuardianPhysicsEngine.cpp”)
  
D:\Development\C++\Nature Studio\Guardian Engine\Setup\Includes\PhysX\foundation\PxPreprocessor.h(444,1): error C1189: #error:  Exactly one of NDEBUG and _DEBUG needs to be defined!
  (编译源文件“Sources/Physics/PhysicsMaterial/GuardianPhysicsMaterial.cpp”)
  
D:\Development\C++\Nature Studio\Guardian Engine\Setup\Includes\PhysX\foundation\PxPreprocessor.h(444,1): error C1189: #error:  Exactly one of NDEBUG and _DEBUG needs to be defined!
  (编译源文件“Sources/Profile/Time/Timepoint/GuardianTimepoint.cpp”)
  
D:\Development\C++\Nature Studio\Guardian Engine\Setup\Includes\PhysX\foundation\PxPreprocessor.h(444,1): error C1189: #error:  Exactly one of NDEBUG and _DEBUG needs to be defined!
  (编译源文件“Sources/Profile/UUID/GuardianUUID.cpp”)
  
D:\Development\C++\Nature Studio\Guardian Engine\Setup\Includes\PhysX\foundation\PxPreprocessor.h(444,1): error C1189: #error:  Exactly one of NDEBUG and _DEBUG needs to be defined!
  (编译源文件“Sources/Script/GuardianScriptEngine.cpp”)
  
D:\Development\C++\Nature Studio\Guardian Engine\Setup\Includes\PhysX\foundation\PxPreprocessor.h(444,1): error C1189: #error:  Exactly one of NDEBUG and _DEBUG needs to be defined!
  (编译源文件“Sources/Script/ScriptRegistry/GuardianScriptRegistry.cpp”)
  
D:\Development\C++\Nature Studio\Guardian Engine\Setup\Includes\PhysX\foundation\PxPreprocessor.h(444,1): error C1189: #error:  Exactly one of NDEBUG and _DEBUG needs to be defined!
  (编译源文件“Sources/Script/ScriptClass/GuardianScriptClass.cpp”)
  
