  GuardianInput.cpp
  GuardianMouse.cpp
  GuardianKeyboard.cpp
  GuardianModel.cpp
  GuardianConverter.cpp
  GuardianEventDispatcher.cpp
  GuardianException.cpp
  GuardianApplication.cpp
  GuardianWindow.cpp
  GuardianIndexBuffer.cpp
  GuardianVertexBuffer.cpp
  GuardianInputLayout.cpp
  GuardianRasterizerState.cpp
  GuardianSampler.cpp
  GuardianPixelShader.cpp
  GuardianVertexShader.cpp
  GuardianTexture.cpp
  GuardianTopology.cpp
  GuardianDepthStencil.cpp
  GuardianGraphics.cpp
  GuardianRenderTarget.cpp
  GuardianRenderable.cpp
  GuardianMesh.cpp
  GuardianRenderer.cpp
  GuardianSurface.cpp
  GuardianViewport.cpp
  GuardianEngine.cpp
    正在创建库 ..\Build\Release\x86_64\Guardian Engine.lib 和对象 ..\Build\Release\x86_64\Guardian Engine.exp
  Guardian Engine.vcxproj -> D:\Development\C++\Nature Studio\Guardian Engine\Build\Release\x86_64\Guardian Engine.dll
