e:\projects\nature-studio\guardian-engine\guardian engine\intermediate\debug - windows\x86_64\gexception.obj
e:\projects\nature-studio\guardian-engine\guardian engine\intermediate\debug - windows\x86_64\gdevice.obj
e:\projects\nature-studio\guardian-engine\guardian engine\intermediate\debug - windows\x86_64\guuid.obj
e:\projects\nature-studio\guardian-engine\guardian engine\intermediate\debug - windows\x86_64\gaudioengine.obj
e:\projects\nature-studio\guardian-engine\guardian engine\intermediate\debug - windows\x86_64\gmeshinstance.obj
e:\projects\nature-studio\guardian-engine\guardian engine\intermediate\debug - windows\x86_64\gconverter.obj
e:\projects\nature-studio\guardian-engine\guardian engine\intermediate\debug - windows\x86_64\gdescriptorheap.obj
e:\projects\nature-studio\guardian-engine\guardian engine\intermediate\debug - windows\x86_64\gmodulesystem.obj
e:\projects\nature-studio\guardian-engine\guardian engine\intermediate\debug - windows\x86_64\gwindow.obj
e:\projects\nature-studio\guardian-engine\guardian engine\intermediate\debug - windows\x86_64\gswapchain.obj
e:\projects\nature-studio\guardian-engine\guardian engine\intermediate\debug - windows\x86_64\gapplication.obj
e:\projects\nature-studio\guardian-engine\guardian engine\intermediate\debug - windows\x86_64\grenderable.obj
e:\projects\nature-studio\guardian-engine\guardian engine\intermediate\debug - windows\x86_64\geventdispatcher.obj
e:\projects\nature-studio\guardian-engine\guardian engine\intermediate\debug - windows\x86_64\gdepthstencil.obj
e:\projects\nature-studio\guardian-engine\guardian engine\intermediate\debug - windows\x86_64\gvertexbuffer.obj
e:\projects\nature-studio\guardian-engine\guardian engine\intermediate\debug - windows\x86_64\gframebuffer.obj
e:\projects\nature-studio\guardian-engine\guardian engine\intermediate\debug - windows\x86_64\gbuffer.obj
e:\projects\nature-studio\guardian-engine\guardian engine\intermediate\debug - windows\x86_64\gviewport.obj
e:\projects\nature-studio\guardian-engine\guardian engine\intermediate\debug - windows\x86_64\ginputlayout.obj
e:\projects\nature-studio\guardian-engine\guardian engine\intermediate\debug - windows\x86_64\ggraphicscontextregistry.obj
e:\projects\nature-studio\guardian-engine\guardian engine\intermediate\debug - windows\x86_64\gpipelinestate.obj
e:\projects\nature-studio\guardian-engine\guardian engine\intermediate\debug - windows\x86_64\gtransform.obj
e:\projects\nature-studio\guardian-engine\guardian engine\intermediate\debug - windows\x86_64\gshader.obj
e:\projects\nature-studio\guardian-engine\guardian engine\intermediate\debug - windows\x86_64\grenderengine.obj
e:\projects\nature-studio\guardian-engine\guardian engine\intermediate\debug - windows\x86_64\gtopology.obj
e:\projects\nature-studio\guardian-engine\guardian engine\intermediate\debug - windows\x86_64\ggraphicscontext.obj
e:\projects\nature-studio\guardian-engine\guardian engine\intermediate\debug - windows\x86_64\gindexbuffer.obj
e:\projects\nature-studio\guardian-engine\guardian engine\intermediate\debug - windows\x86_64\grendertarget.obj
e:\projects\nature-studio\guardian-engine\guardian engine\intermediate\debug - windows\x86_64\gcommandlist.obj
e:\projects\nature-studio\guardian-engine\guardian engine\intermediate\debug - windows\x86_64\gfence.obj
e:\projects\nature-studio\guardian-engine\guardian engine\intermediate\debug - windows\x86_64\gcommandqueue.obj
e:\projects\nature-studio\guardian-engine\guardian engine\intermediate\debug - windows\x86_64\ggraphicsfactory.obj
e:\projects\nature-studio\guardian-engine\guardian engine\intermediate\debug - windows\x86_64\gengine.obj
e:\projects\nature-studio\guardian-engine\guardian engine\intermediate\debug - windows\x86_64\grootsignature.obj
e:\projects\nature-studio\guardian-engine\guardian engine\intermediate\debug - windows\x86_64\gaudiocontextregistry.obj
e:\projects\nature-studio\guardian-engine\build\debug - windows\x86_64\guardian engine.dll
e:\projects\nature-studio\guardian-engine\build\debug - windows\x86_64\guardian engine.pdb
e:\projects\nature-studio\guardian-engine\build\debug - windows\x86_64\guardian engine.lib
e:\projects\nature-studio\guardian-engine\build\debug - windows\x86_64\guardian engine.exp
e:\projects\nature-studio\guardian-engine\guardian engine\intermediate\debug - windows\x86_64\guardian engine.ilk
e:\projects\nature-studio\guardian-engine\guardian engine\intermediate\debug - windows\x86_64\ggraphicsconfiguration.obj
e:\projects\nature-studio\guardian-engine\guardian engine\intermediate\debug - windows\x86_64\vc143.idb
e:\projects\nature-studio\guardian-engine\guardian engine\intermediate\debug - windows\x86_64\vc143.pdb
e:\projects\nature-studio\guardian-engine\guardian engine\intermediate\debug - windows\x86_64\guardian engine.tlog\cl.command.1.tlog
e:\projects\nature-studio\guardian-engine\guardian engine\intermediate\debug - windows\x86_64\guardian engine.tlog\cl.items.tlog
e:\projects\nature-studio\guardian-engine\guardian engine\intermediate\debug - windows\x86_64\guardian engine.tlog\cl.read.1.tlog
e:\projects\nature-studio\guardian-engine\guardian engine\intermediate\debug - windows\x86_64\guardian engine.tlog\cl.write.1.tlog
e:\projects\nature-studio\guardian-engine\guardian engine\intermediate\debug - windows\x86_64\guardian engine.tlog\fxc.command.1.tlog
e:\projects\nature-studio\guardian-engine\guardian engine\intermediate\debug - windows\x86_64\guardian engine.tlog\link.command.1.tlog
e:\projects\nature-studio\guardian-engine\guardian engine\intermediate\debug - windows\x86_64\guardian engine.tlog\link.read.1.tlog
e:\projects\nature-studio\guardian-engine\guardian engine\intermediate\debug - windows\x86_64\guardian engine.tlog\link.secondary.1.tlog
e:\projects\nature-studio\guardian-engine\guardian engine\intermediate\debug - windows\x86_64\guardian engine.tlog\link.write.1.tlog
