d:\development\c++\nature studio\guardian engine\guardian editor\intermediate\debug\x86_64\guardianpanel.obj
d:\development\c++\nature studio\guardian engine\guardian editor\intermediate\debug\x86_64\guardianwidget.obj
d:\development\c++\nature studio\guardian engine\guardian editor\intermediate\debug\x86_64\guardianscenepanel.obj
d:\development\c++\nature studio\guardian engine\guardian editor\intermediate\debug\x86_64\guardianeditor.obj
d:\development\c++\nature studio\guardian engine\guardian editor\intermediate\debug\x86_64\guardianscenehierarchypanel.obj
d:\development\c++\nature studio\guardian engine\guardian editor\intermediate\debug\x86_64\guardianresourcebrowserpanel.obj
d:\development\c++\nature studio\guardian engine\guardian editor\intermediate\debug\x86_64\guardianeditorengine.obj
d:\development\c++\nature studio\guardian engine\guardian editor\intermediate\debug\x86_64\guardianbutton.obj
d:\development\c++\nature studio\guardian engine\guardian editor\intermediate\debug\x86_64\guardianrenderereditor.obj
d:\development\c++\nature studio\guardian engine\guardian editor\intermediate\debug\x86_64\guardiantext.obj
d:\development\c++\nature studio\guardian engine\guardian editor\intermediate\debug\x86_64\guardianimagebutton.obj
d:\development\c++\nature studio\guardian engine\guardian editor\intermediate\debug\x86_64\guardianimage.obj
d:\development\c++\nature studio\guardian engine\guardian editor\intermediate\debug\x86_64\guardianmenubar.obj
d:\development\c++\nature studio\guardian engine\guardian editor\intermediate\debug\x86_64\guardiancolumnlayout.obj
d:\development\c++\nature studio\guardian engine\guardian editor\intermediate\debug\x86_64\guardianmenu.obj
d:\development\c++\nature studio\guardian engine\guardian editor\intermediate\debug\x86_64\guardianmenuitem.obj
d:\development\c++\nature studio\guardian engine\guardian editor\intermediate\debug\x86_64\vc143.pdb
d:\development\c++\nature studio\guardian engine\guardian editor\intermediate\debug\x86_64\vc143.idb
d:\development\c++\nature studio\guardian engine\guardian editor\intermediate\debug\x86_64\guardianpanel1.obj
d:\development\c++\nature studio\guardian engine\guardian editor\intermediate\debug\x86_64\guardianresourcebrowserpanel1.obj
d:\development\c++\nature studio\guardian engine\guardian editor\intermediate\debug\x86_64\guardianscenehierarchypanel1.obj
d:\development\c++\nature studio\guardian engine\guardian editor\intermediate\debug\x86_64\guardianscenepanel1.obj
d:\development\c++\nature studio\guardian engine\build\debug\x86_64\guardian editor.exe
d:\development\c++\nature studio\guardian engine\build\debug\x86_64\guardian editor.pdb
d:\development\c++\nature studio\guardian engine\guardian editor\intermediate\debug\x86_64\guardian editor.ilk
d:\development\c++\nature studio\guardian engine\guardian editor\intermediate\debug\x86_64\guardian editor.tlog\cl.command.1.tlog
d:\development\c++\nature studio\guardian engine\guardian editor\intermediate\debug\x86_64\guardian editor.tlog\cl.items.tlog
d:\development\c++\nature studio\guardian engine\guardian editor\intermediate\debug\x86_64\guardian editor.tlog\cl.read.1.tlog
d:\development\c++\nature studio\guardian engine\guardian editor\intermediate\debug\x86_64\guardian editor.tlog\cl.write.1.tlog
d:\development\c++\nature studio\guardian engine\guardian editor\intermediate\debug\x86_64\guardian editor.tlog\link.command.1.tlog
d:\development\c++\nature studio\guardian engine\guardian editor\intermediate\debug\x86_64\guardian editor.tlog\link.read.1.tlog
d:\development\c++\nature studio\guardian engine\guardian editor\intermediate\debug\x86_64\guardian editor.tlog\link.secondary.1.tlog
d:\development\c++\nature studio\guardian engine\guardian editor\intermediate\debug\x86_64\guardian editor.tlog\link.write.1.tlog
