  GuardianScene.cpp
PhysXExtensions_static_64.lib(ExtDefaultSimulationFilterShader.obj) : warning LNK4099: 未找到 PDB“”(使用“PhysXExtensions_static_64.lib(ExtDefaultSimulationFilterShader.obj)”或在“”中寻找)；正在链接对象，如同没有调试信息一样
PhysXExtensions_static_64.lib(ExtDefaultStreams.obj) : warning LNK4099: 未找到 PDB“”(使用“PhysXExtensions_static_64.lib(ExtDefaultStreams.obj)”或在“”中寻找)；正在链接对象，如同没有调试信息一样
PhysXExtensions_static_64.lib(ExtDefaultErrorCallback.obj) : warning LNK4099: 未找到 PDB“”(使用“PhysXExtensions_static_64.lib(ExtDefaultErrorCallback.obj)”或在“”中寻找)；正在链接对象，如同没有调试信息一样
PhysXExtensions_static_64.lib(ExtDefaultCpuDispatcher.obj) : warning LNK4099: 未找到 PDB“”(使用“PhysXExtensions_static_64.lib(ExtDefaultCpuDispatcher.obj)”或在“”中寻找)；正在链接对象，如同没有调试信息一样
PhysXExtensions_static_64.lib(ExtExtensions.obj) : warning LNK4099: 未找到 PDB“”(使用“PhysXExtensions_static_64.lib(ExtExtensions.obj)”或在“”中寻找)；正在链接对象，如同没有调试信息一样
PhysXExtensions_static_64.lib(ExtRigidBodyExt.obj) : warning LNK4099: 未找到 PDB“”(使用“PhysXExtensions_static_64.lib(ExtRigidBodyExt.obj)”或在“”中寻找)；正在链接对象，如同没有调试信息一样
PhysXExtensions_static_64.lib(ExtCpuWorkerThread.obj) : warning LNK4099: 未找到 PDB“”(使用“PhysXExtensions_static_64.lib(ExtCpuWorkerThread.obj)”或在“”中寻找)；正在链接对象，如同没有调试信息一样
PhysXExtensions_static_64.lib(PxExtensionAutoGeneratedMetaDataObjects.obj) : warning LNK4099: 未找到 PDB“”(使用“PhysXExtensions_static_64.lib(PxExtensionAutoGeneratedMetaDataObjects.obj)”或在“”中寻找)；正在链接对象，如同没有调试信息一样
PhysXExtensions_static_64.lib(ExtPvd.obj) : warning LNK4099: 未找到 PDB“”(使用“PhysXExtensions_static_64.lib(ExtPvd.obj)”或在“”中寻找)；正在链接对象，如同没有调试信息一样
PhysXExtensions_static_64.lib(OmniPvdPxExtensionsSampler.obj) : warning LNK4099: 未找到 PDB“”(使用“PhysXExtensions_static_64.lib(OmniPvdPxExtensionsSampler.obj)”或在“”中寻找)；正在链接对象，如同没有调试信息一样
PhysXExtensions_static_64.lib(ExtDistanceJoint.obj) : warning LNK4099: 未找到 PDB“”(使用“PhysXExtensions_static_64.lib(ExtDistanceJoint.obj)”或在“”中寻找)；正在链接对象，如同没有调试信息一样
PhysXExtensions_static_64.lib(ExtD6Joint.obj) : warning LNK4099: 未找到 PDB“”(使用“PhysXExtensions_static_64.lib(ExtD6Joint.obj)”或在“”中寻找)；正在链接对象，如同没有调试信息一样
PhysXExtensions_static_64.lib(ExtFixedJoint.obj) : warning LNK4099: 未找到 PDB“”(使用“PhysXExtensions_static_64.lib(ExtFixedJoint.obj)”或在“”中寻找)；正在链接对象，如同没有调试信息一样
PhysXExtensions_static_64.lib(ExtPrismaticJoint.obj) : warning LNK4099: 未找到 PDB“”(使用“PhysXExtensions_static_64.lib(ExtPrismaticJoint.obj)”或在“”中寻找)；正在链接对象，如同没有调试信息一样
PhysXExtensions_static_64.lib(ExtRevoluteJoint.obj) : warning LNK4099: 未找到 PDB“”(使用“PhysXExtensions_static_64.lib(ExtRevoluteJoint.obj)”或在“”中寻找)；正在链接对象，如同没有调试信息一样
PhysXExtensions_static_64.lib(ExtSphericalJoint.obj) : warning LNK4099: 未找到 PDB“”(使用“PhysXExtensions_static_64.lib(ExtSphericalJoint.obj)”或在“”中寻找)；正在链接对象，如同没有调试信息一样
PhysXExtensions_static_64.lib(ExtGearJoint.obj) : warning LNK4099: 未找到 PDB“”(使用“PhysXExtensions_static_64.lib(ExtGearJoint.obj)”或在“”中寻找)；正在链接对象，如同没有调试信息一样
PhysXExtensions_static_64.lib(ExtRackAndPinionJoint.obj) : warning LNK4099: 未找到 PDB“”(使用“PhysXExtensions_static_64.lib(ExtRackAndPinionJoint.obj)”或在“”中寻找)；正在链接对象，如同没有调试信息一样
PhysXExtensions_static_64.lib(SnRepXCoreSerializer.obj) : warning LNK4099: 未找到 PDB“”(使用“PhysXExtensions_static_64.lib(SnRepXCoreSerializer.obj)”或在“”中寻找)；正在链接对象，如同没有调试信息一样
PhysXExtensions_static_64.lib(SnJointRepXSerializer.obj) : warning LNK4099: 未找到 PDB“”(使用“PhysXExtensions_static_64.lib(SnJointRepXSerializer.obj)”或在“”中寻找)；正在链接对象，如同没有调试信息一样
PhysXExtensions_static_64.lib(ExtConvexCoreExt.obj) : warning LNK4099: 未找到 PDB“”(使用“PhysXExtensions_static_64.lib(ExtConvexCoreExt.obj)”或在“”中寻找)；正在链接对象，如同没有调试信息一样
PhysXExtensions_static_64.lib(ExtOmniPvdRegistrationData.obj) : warning LNK4099: 未找到 PDB“”(使用“PhysXExtensions_static_64.lib(ExtOmniPvdRegistrationData.obj)”或在“”中寻找)；正在链接对象，如同没有调试信息一样
PhysXExtensions_static_64.lib(ExtJoint.obj) : warning LNK4099: 未找到 PDB“”(使用“PhysXExtensions_static_64.lib(ExtJoint.obj)”或在“”中寻找)；正在链接对象，如同没有调试信息一样
PhysXExtensions_static_64.lib(ExtContactJoint.obj) : warning LNK4099: 未找到 PDB“”(使用“PhysXExtensions_static_64.lib(ExtContactJoint.obj)”或在“”中寻找)；正在链接对象，如同没有调试信息一样
PhysXPvdSDK_static_64.lib(PxPvd.obj) : warning LNK4099: 未找到 PDB“”(使用“PhysXPvdSDK_static_64.lib(PxPvd.obj)”或在“”中寻找)；正在链接对象，如同没有调试信息一样
PhysXPvdSDK_static_64.lib(PxPvdDefaultSocketTransport.obj) : warning LNK4099: 未找到 PDB“”(使用“PhysXPvdSDK_static_64.lib(PxPvdDefaultSocketTransport.obj)”或在“”中寻找)；正在链接对象，如同没有调试信息一样
PhysXPvdSDK_static_64.lib(PxPvdDataStream.obj) : warning LNK4099: 未找到 PDB“”(使用“PhysXPvdSDK_static_64.lib(PxPvdDataStream.obj)”或在“”中寻找)；正在链接对象，如同没有调试信息一样
PhysXPvdSDK_static_64.lib(PxPvdImpl.obj) : warning LNK4099: 未找到 PDB“”(使用“PhysXPvdSDK_static_64.lib(PxPvdImpl.obj)”或在“”中寻找)；正在链接对象，如同没有调试信息一样
PhysXPvdSDK_static_64.lib(PxPvdObjectModelMetaData.obj) : warning LNK4099: 未找到 PDB“”(使用“PhysXPvdSDK_static_64.lib(PxPvdObjectModelMetaData.obj)”或在“”中寻找)；正在链接对象，如同没有调试信息一样
PhysXPvdSDK_static_64.lib(PxPvdObjectRegistrar.obj) : warning LNK4099: 未找到 PDB“”(使用“PhysXPvdSDK_static_64.lib(PxPvdObjectRegistrar.obj)”或在“”中寻找)；正在链接对象，如同没有调试信息一样
PhysXPvdSDK_static_64.lib(PxPvdMemClient.obj) : warning LNK4099: 未找到 PDB“”(使用“PhysXPvdSDK_static_64.lib(PxPvdMemClient.obj)”或在“”中寻找)；正在链接对象，如同没有调试信息一样
PhysXPvdSDK_static_64.lib(PxProfileEventImpl.obj) : warning LNK4099: 未找到 PDB“”(使用“PhysXPvdSDK_static_64.lib(PxProfileEventImpl.obj)”或在“”中寻找)；正在链接对象，如同没有调试信息一样
PhysXPvdSDK_static_64.lib(PxPvdProfileZoneClient.obj) : warning LNK4099: 未找到 PDB“”(使用“PhysXPvdSDK_static_64.lib(PxPvdProfileZoneClient.obj)”或在“”中寻找)；正在链接对象，如同没有调试信息一样
    正在创建库 ..\Build\Debug\x86_64\Guardian Engine.lib 和对象 ..\Build\Debug\x86_64\Guardian Engine.exp
  Guardian Engine.vcxproj -> D:\Development\C++\Nature Studio\Guardian Engine\Build\Debug\x86_64\Guardian Engine.dll
