  GuardianMenuItem.cpp
  GuardianMenu.cpp
  GuardianMenuBar.cpp
  GuardianColumnLayout.cpp
  GuardianImage.cpp
  GuardianRendererEditor.cpp
  GuardianImageButton.cpp
  GuardianText.cpp
  GuardianEditor.cpp
  GuardianButton.cpp
  GuardianEditorEngine.cpp
  GuardianWidget.cpp
D:\Development\C++\Nature Studio\Guardian Engine\Setup\Includes\PhysX\foundation\PxPreprocessor.h(444,1): error C1189: #error:  Exactly one of NDEBUG and _DEBUG needs to be defined!
  (编译源文件“Sources/Editor/GuardianRendererEditor.cpp”)
  
D:\Development\C++\Nature Studio\Guardian Engine\Setup\Includes\PhysX\foundation\PxPreprocessor.h(444,1): error C1189: #error:  Exactly one of NDEBUG and _DEBUG needs to be defined!
  (编译源文件“Sources/Widget/Image/GuardianImage.cpp”)
  
D:\Development\C++\Nature Studio\Guardian Engine\Setup\Includes\PhysX\foundation\PxPreprocessor.h(444,1): error C1189: #error:  Exactly one of NDEBUG and _DEBUG needs to be defined!
  (编译源文件“Sources/Widget/MenuBar/Menu/GuardianMenu.cpp”)
  
D:\Development\C++\Nature Studio\Guardian Engine\Setup\Includes\PhysX\foundation\PxPreprocessor.h(444,1): error C1189: #error:  Exactly one of NDEBUG and _DEBUG needs to be defined!
  (编译源文件“Sources/GuardianEditorEngine.cpp”)
  
D:\Development\C++\Nature Studio\Guardian Engine\Setup\Includes\PhysX\foundation\PxPreprocessor.h(444,1): error C1189: #error:  Exactly one of NDEBUG and _DEBUG needs to be defined!
  (编译源文件“Sources/Widget/Text/GuardianText.cpp”)
  
D:\Development\C++\Nature Studio\Guardian Engine\Setup\Includes\PhysX\foundation\PxPreprocessor.h(444,1): error C1189: #error:  Exactly one of NDEBUG and _DEBUG needs to be defined!
  (编译源文件“Sources/Widget/MenuBar/MenuItem/GuardianMenuItem.cpp”)
  
D:\Development\C++\Nature Studio\Guardian Engine\Setup\Includes\PhysX\foundation\PxPreprocessor.h(444,1): error C1189: #error:  Exactly one of NDEBUG and _DEBUG needs to be defined!
  (编译源文件“Sources/Widget/MenuBar/GuardianMenuBar.cpp”)
  
D:\Development\C++\Nature Studio\Guardian Engine\Setup\Includes\PhysX\foundation\PxPreprocessor.h(444,1): error C1189: #error:  Exactly one of NDEBUG and _DEBUG needs to be defined!
  (编译源文件“Sources/Widget/Button/GuardianImageButton.cpp”)
  
D:\Development\C++\Nature Studio\Guardian Engine\Setup\Includes\PhysX\foundation\PxPreprocessor.h(444,1): error C1189: #error:  Exactly one of NDEBUG and _DEBUG needs to be defined!
  (编译源文件“Sources/Editor/GuardianEditor.cpp”)
  
D:\Development\C++\Nature Studio\Guardian Engine\Setup\Includes\PhysX\foundation\PxPreprocessor.h(444,1): error C1189: #error:  Exactly one of NDEBUG and _DEBUG needs to be defined!
  (编译源文件“Sources/Widget/Button/GuardianButton.cpp”)
  
D:\Development\C++\Nature Studio\Guardian Engine\Setup\Includes\PhysX\foundation\PxPreprocessor.h(444,1): error C1189: #error:  Exactly one of NDEBUG and _DEBUG needs to be defined!
  (编译源文件“Sources/Widget/GuardianWidget.cpp”)
  
D:\Development\C++\Nature Studio\Guardian Engine\Setup\Includes\PhysX\foundation\PxPreprocessor.h(444,1): error C1189: #error:  Exactly one of NDEBUG and _DEBUG needs to be defined!
  (编译源文件“Sources/Widget/ColumnLayout/GuardianColumnLayout.cpp”)
  
