d:\development\c++\nature studio\guardian engine\guardian engine\immediate\debug\x86_64\guardiantexture.obj
d:\development\c++\nature studio\guardian engine\guardian engine\immediate\debug\x86_64\guardianengine.obj
d:\development\c++\nature studio\guardian engine\guardian engine\immediate\debug\x86_64\guardianeventdispatcher.obj
d:\development\c++\nature studio\guardian engine\guardian engine\immediate\debug\x86_64\guardianinputlayout.obj
d:\development\c++\nature studio\guardian engine\guardian engine\immediate\debug\x86_64\guardiansampler.obj
d:\development\c++\nature studio\guardian engine\guardian engine\immediate\debug\x86_64\guardianpixelshader.obj
d:\development\c++\nature studio\guardian engine\guardian engine\immediate\debug\x86_64\guardiantopology.obj
d:\development\c++\nature studio\guardian engine\guardian engine\immediate\debug\x86_64\guardianvertexshader.obj
d:\development\c++\nature studio\guardian engine\guardian engine\immediate\debug\x86_64\guardianexception.obj
d:\development\c++\nature studio\guardian engine\guardian engine\immediate\debug\x86_64\guardianvertexbuffer.obj
d:\development\c++\nature studio\guardian engine\guardian engine\immediate\debug\x86_64\guardiangraphics.obj
d:\development\c++\nature studio\guardian engine\guardian engine\immediate\debug\x86_64\guardianrasterizerstate.obj
d:\development\c++\nature studio\guardian engine\guardian engine\immediate\debug\x86_64\guardianindexbuffer.obj
d:\development\c++\nature studio\guardian engine\guardian engine\immediate\debug\x86_64\guardianconverter.obj
d:\development\c++\nature studio\guardian engine\guardian engine\immediate\debug\x86_64\guardianapplication.obj
d:\development\c++\nature studio\guardian engine\guardian engine\immediate\debug\x86_64\guardianrenderer.obj
d:\development\c++\nature studio\guardian engine\guardian engine\immediate\debug\x86_64\guardiandepthstencil.obj
d:\development\c++\nature studio\guardian engine\guardian engine\immediate\debug\x86_64\guardianwindow.obj
d:\development\c++\nature studio\guardian engine\guardian engine\immediate\debug\x86_64\guardianmesh.obj
d:\development\c++\nature studio\guardian engine\guardian engine\immediate\debug\x86_64\guardianrendertarget.obj
d:\development\c++\nature studio\guardian engine\guardian engine\immediate\debug\x86_64\guardiansurface.obj
d:\development\c++\nature studio\guardian engine\guardian engine\immediate\debug\x86_64\guardianviewport.obj
d:\development\c++\nature studio\guardian engine\guardian engine\immediate\debug\x86_64\vc143.idb
d:\development\c++\nature studio\guardian engine\guardian engine\immediate\debug\x86_64\vc143.pdb
d:\development\c++\nature studio\guardian engine\guardian engine\immediate\debug\x86_64\guardian engine.tlog\cl.11256.write.1.tlog
d:\development\c++\nature studio\guardian engine\guardian engine\immediate\debug\x86_64\guardian engine.tlog\cl.command.1.tlog
d:\development\c++\nature studio\guardian engine\guardian engine\immediate\debug\x86_64\guardian engine.tlog\cl.read.1.tlog
